0 info it worked if it ends with ok
1 verbose cli [ '/usr/bin/node', '/usr/bin/npm', 'run', 'sass' ]
2 info using npm@3.10.10
3 info using node@v6.12.3
4 verbose run-script [ 'presass', 'sass', 'postsass' ]
5 info lifecycle pieshell-client@0.1.0~presass: pieshell-client@0.1.0
6 silly lifecycle pieshell-client@0.1.0~presass: no script for presass, continuing
7 info lifecycle pieshell-client@0.1.0~sass: pieshell-client@0.1.0
8 verbose lifecycle pieshell-client@0.1.0~sass: unsafe-perm in lifecycle true
9 verbose lifecycle pieshell-client@0.1.0~sass: PATH: /usr/lib/node_modules/npm/bin/node-gyp-bin:/var/www/html/pieshell/node_modules/.bin:/Library/Frameworks/Python.framework/Versions/3.6/bin:/opt/local/bin:/opt/local/sbin:/usr/local/bin:/usr/bin:/usr/local/sbin:/usr/sbin:/home/grog/bin
10 verbose lifecycle pieshell-client@0.1.0~sass: CWD: /var/www/html/pieshell
11 silly lifecycle pieshell-client@0.1.0~sass: Args: [ '-c',
11 silly lifecycle   'sass --watch src/stylesheets/sass:src/stylesheets/css' ]
12 info lifecycle pieshell-client@0.1.0~sass: Failed to exec sass script
13 verbose stack Error: pieshell-client@0.1.0 sass: `sass --watch src/stylesheets/sass:src/stylesheets/css`
13 verbose stack spawn ENOENT
13 verbose stack     at ChildProcess.<anonymous> (/usr/lib/node_modules/npm/lib/utils/spawn.js:33:16)
13 verbose stack     at emitTwo (events.js:106:13)
13 verbose stack     at ChildProcess.emit (events.js:191:7)
13 verbose stack     at maybeClose (internal/child_process.js:920:16)
13 verbose stack     at Process.ChildProcess._handle.onexit (internal/child_process.js:230:5)
14 verbose pkgid pieshell-client@0.1.0
15 verbose cwd /var/www/html/pieshell/src/stylesheets
16 error Linux 4.14.12-x86_64-linode92
17 error argv "/usr/bin/node" "/usr/bin/npm" "run" "sass"
18 error node v6.12.3
19 error npm  v3.10.10
20 error file sh
21 error code ELIFECYCLE
22 error errno ENOENT
23 error syscall spawn
24 error pieshell-client@0.1.0 sass: `sass --watch src/stylesheets/sass:src/stylesheets/css`
24 error spawn ENOENT
25 error Failed at the pieshell-client@0.1.0 sass script 'sass --watch src/stylesheets/sass:src/stylesheets/css'.
25 error Make sure you have the latest version of node.js and npm installed.
25 error If you do, this is most likely a problem with the pieshell-client package,
25 error not with npm itself.
25 error Tell the author that this fails on your system:
25 error     sass --watch src/stylesheets/sass:src/stylesheets/css
25 error You can get information on how to open an issue for this project with:
25 error     npm bugs pieshell-client
25 error Or if that isn't available, you can get their info via:
25 error     npm owner ls pieshell-client
25 error There is likely additional logging output above.
26 verbose exit [ 1, true ]
